<?xml version="1.0" encoding="UTF-8"?>
<testng-results ignored="0" total="1" passed="0" failed="0" skipped="1">
  <reporter-output>
  </reporter-output>
  <suite started-at="2023-01-11T19:49:09 IST" name="Default suite" finished-at="2023-01-11T19:49:09 IST" duration-ms="48">
    <groups>
      <group name="urlValidation">
        <method signature="Project2.testCurrentUrl()[pri:0, instance:DemTestNGpRoject.Test.Project2@5af3afd9]" name="testCurrentUrl" class="DemTestNGpRoject.Test.Project2"/>
      </group> <!-- urlValidation -->
    </groups>
    <test started-at="2023-01-11T19:49:09 IST" name="Default test" finished-at="2023-01-11T19:49:09 IST" duration-ms="48">
      <class name="DemTestNGpRoject.Test.Project2">
        <test-method is-config="true" signature="setUp()[pri:0, instance:DemTestNGpRoject.Test.Project2@5af3afd9]" started-at="2023-01-11T19:49:09 IST" name="setUp" finished-at="2023-01-11T19:49:09 IST" duration-ms="54" status="FAIL">
          <exception class="java.lang.IllegalStateException">
            <message>
              <![CDATA[The driver executable must exist: C:\Users\navyug\workspace\QAPractise\src\ChromeDriver\chromedriver.exe]]>
            </message>
            <full-stacktrace>
              <![CDATA[java.lang.IllegalStateException: The driver executable must exist: C:\Users\navyug\workspace\QAPractise\src\ChromeDriver\chromedriver.exe
at org.openqa.selenium.internal.Require$FileStateChecker.isFile(Require.java:345)
at org.openqa.selenium.remote.service.DriverService.checkExecutable(DriverService.java:161)
at org.openqa.selenium.remote.service.DriverService.findExecutable(DriverService.java:156)
at org.openqa.selenium.chrome.ChromeDriverService.access$000(ChromeDriverService.java:41)
at org.openqa.selenium.chrome.ChromeDriverService$Builder.findDefaultExecutable(ChromeDriverService.java:285)
at org.openqa.selenium.remote.service.DriverService$Builder.build(DriverService.java:456)
at org.openqa.selenium.chrome.ChromeDriverService.createDefaultService(ChromeDriverService.java:146)
at org.openqa.selenium.chrome.ChromeDriver.<init>(ChromeDriver.java:50)
at DemTestNGpRoject.Test.Project2.setUp(Project2.java:36)
at java.base/jdk.internal.reflect.NativeMethodAccessorImpl.invoke0(Native Method)
at java.base/jdk.internal.reflect.NativeMethodAccessorImpl.invoke(NativeMethodAccessorImpl.java:77)
at java.base/jdk.internal.reflect.DelegatingMethodAccessorImpl.invoke(DelegatingMethodAccessorImpl.java:43)
at java.base/java.lang.reflect.Method.invoke(Method.java:568)
at org.testng.internal.MethodInvocationHelper.invokeMethod(MethodInvocationHelper.java:133)
at org.testng.internal.MethodInvocationHelper.invokeMethodConsideringTimeout(MethodInvocationHelper.java:62)
at org.testng.internal.ConfigInvoker.invokeConfigurationMethod(ConfigInvoker.java:385)
at org.testng.internal.ConfigInvoker.invokeConfigurations(ConfigInvoker.java:321)
at org.testng.SuiteRunner.privateRun(SuiteRunner.java:317)
at org.testng.SuiteRunner.run(SuiteRunner.java:276)
at org.testng.SuiteRunnerWorker.runSuite(SuiteRunnerWorker.java:53)
at org.testng.SuiteRunnerWorker.run(SuiteRunnerWorker.java:96)
at org.testng.TestNG.runSuitesSequentially(TestNG.java:1212)
at org.testng.TestNG.runSuitesLocally(TestNG.java:1134)
at org.testng.TestNG.runSuites(TestNG.java:1063)
at org.testng.TestNG.run(TestNG.java:1031)
at org.testng.remote.AbstractRemoteTestNG.run(AbstractRemoteTestNG.java:115)
at org.testng.remote.RemoteTestNG.initAndRun(RemoteTestNG.java:251)
at org.testng.remote.RemoteTestNG.main(RemoteTestNG.java:77)
]]>
            </full-stacktrace>
          </exception> <!-- java.lang.IllegalStateException -->
          <reporter-output>
          </reporter-output>
        </test-method> <!-- setUp -->
        <test-method is-config="true" signature="profileSetup()[pri:0, instance:DemTestNGpRoject.Test.Project2@5af3afd9]" started-at="2023-01-11T19:49:09 IST" name="profileSetup" finished-at="1970-01-01T05:30:00 IST" duration-ms="-1673446749421" status="SKIP">
          <reporter-output>
          </reporter-output>
        </test-method> <!-- profileSetup -->
        <test-method is-config="true" signature="appSetup()[pri:0, instance:DemTestNGpRoject.Test.Project2@5af3afd9]" started-at="2023-01-11T19:49:09 IST" name="appSetup" finished-at="1970-01-01T05:30:00 IST" duration-ms="-1673446749438" status="SKIP">
          <reporter-output>
          </reporter-output>
        </test-method> <!-- appSetup -->
        <test-method is-config="true" signature="checkLogin()[pri:0, instance:DemTestNGpRoject.Test.Project2@5af3afd9]" started-at="2023-01-11T19:49:09 IST" name="checkLogin" finished-at="1970-01-01T05:30:00 IST" duration-ms="-1673446749450" status="SKIP">
          <reporter-output>
          </reporter-output>
        </test-method> <!-- checkLogin -->
        <test-method signature="testCurrentUrl()[pri:0, instance:DemTestNGpRoject.Test.Project2@5af3afd9]" started-at="2023-01-11T19:49:09 IST" name="testCurrentUrl" finished-at="2023-01-11T19:49:09 IST" duration-ms="0" status="SKIP">
          <exception class="java.lang.IllegalStateException">
            <message>
              <![CDATA[The driver executable must exist: C:\Users\navyug\workspace\QAPractise\src\ChromeDriver\chromedriver.exe]]>
            </message>
            <full-stacktrace>
              <![CDATA[java.lang.IllegalStateException: The driver executable must exist: C:\Users\navyug\workspace\QAPractise\src\ChromeDriver\chromedriver.exe
at org.openqa.selenium.internal.Require$FileStateChecker.isFile(Require.java:345)
at org.openqa.selenium.remote.service.DriverService.checkExecutable(DriverService.java:161)
at org.openqa.selenium.remote.service.DriverService.findExecutable(DriverService.java:156)
at org.openqa.selenium.chrome.ChromeDriverService.access$000(ChromeDriverService.java:41)
at org.openqa.selenium.chrome.ChromeDriverService$Builder.findDefaultExecutable(ChromeDriverService.java:285)
at org.openqa.selenium.remote.service.DriverService$Builder.build(DriverService.java:456)
at org.openqa.selenium.chrome.ChromeDriverService.createDefaultService(ChromeDriverService.java:146)
at org.openqa.selenium.chrome.ChromeDriver.<init>(ChromeDriver.java:50)
at DemTestNGpRoject.Test.Project2.setUp(Project2.java:36)
at java.base/jdk.internal.reflect.NativeMethodAccessorImpl.invoke0(Native Method)
at java.base/jdk.internal.reflect.NativeMethodAccessorImpl.invoke(NativeMethodAccessorImpl.java:77)
at java.base/jdk.internal.reflect.DelegatingMethodAccessorImpl.invoke(DelegatingMethodAccessorImpl.java:43)
at java.base/java.lang.reflect.Method.invoke(Method.java:568)
at org.testng.internal.MethodInvocationHelper.invokeMethod(MethodInvocationHelper.java:133)
at org.testng.internal.MethodInvocationHelper.invokeMethodConsideringTimeout(MethodInvocationHelper.java:62)
at org.testng.internal.ConfigInvoker.invokeConfigurationMethod(ConfigInvoker.java:385)
at org.testng.internal.ConfigInvoker.invokeConfigurations(ConfigInvoker.java:321)
at org.testng.SuiteRunner.privateRun(SuiteRunner.java:317)
at org.testng.SuiteRunner.run(SuiteRunner.java:276)
at org.testng.SuiteRunnerWorker.runSuite(SuiteRunnerWorker.java:53)
at org.testng.SuiteRunnerWorker.run(SuiteRunnerWorker.java:96)
at org.testng.TestNG.runSuitesSequentially(TestNG.java:1212)
at org.testng.TestNG.runSuitesLocally(TestNG.java:1134)
at org.testng.TestNG.runSuites(TestNG.java:1063)
at org.testng.TestNG.run(TestNG.java:1031)
at org.testng.remote.AbstractRemoteTestNG.run(AbstractRemoteTestNG.java:115)
at org.testng.remote.RemoteTestNG.initAndRun(RemoteTestNG.java:251)
at org.testng.remote.RemoteTestNG.main(RemoteTestNG.java:77)
]]>
            </full-stacktrace>
          </exception> <!-- java.lang.IllegalStateException -->
          <reporter-output>
          </reporter-output>
        </test-method> <!-- testCurrentUrl -->
        <test-method is-config="true" signature="screenShot()[pri:0, instance:DemTestNGpRoject.Test.Project2@5af3afd9]" started-at="2023-01-11T19:49:09 IST" name="screenShot" finished-at="1970-01-01T05:30:00 IST" duration-ms="-1673446749457" status="SKIP">
          <reporter-output>
          </reporter-output>
        </test-method> <!-- screenShot -->
        <test-method is-config="true" signature="closeUp()[pri:0, instance:DemTestNGpRoject.Test.Project2@5af3afd9]" started-at="2023-01-11T19:49:09 IST" name="closeUp" finished-at="1970-01-01T05:30:00 IST" duration-ms="-1673446749461" status="SKIP">
          <reporter-output>
          </reporter-output>
        </test-method> <!-- closeUp -->
        <test-method is-config="true" signature="reportReady()[pri:0, instance:DemTestNGpRoject.Test.Project2@5af3afd9]" started-at="2023-01-11T19:49:09 IST" name="reportReady" finished-at="1970-01-01T05:30:00 IST" duration-ms="-1673446749465" status="SKIP">
          <reporter-output>
          </reporter-output>
        </test-method> <!-- reportReady -->
        <test-method is-config="true" signature="cleanUp()[pri:0, instance:DemTestNGpRoject.Test.Project2@5af3afd9]" started-at="2023-01-11T19:49:09 IST" name="cleanUp" finished-at="1970-01-01T05:30:00 IST" duration-ms="-1673446749540" status="SKIP">
          <reporter-output>
          </reporter-output>
        </test-method> <!-- cleanUp -->
      </class> <!-- DemTestNGpRoject.Test.Project2 -->
    </test> <!-- Default test -->
  </suite> <!-- Default suite -->
</testng-results>
